<?xml version="1.0" encoding="UTF-8"?>
<!-- Generated by org.testng.reporters.JUnitReportReporter -->
<testsuite hostname="LAPTOP-ITT2ACOD" failures="0" tests="1" name="restassuredrequests.PatchRequest" time="3.261" errors="0" timestamp="2021-09-20T12:30:37 IST" skipped="0">
  <testcase classname="restassuredrequests.PatchRequest" name="testPatch" time="3.261"/>
  <system-out/>
</testsuite> <!-- restassuredrequests.PatchRequest -->
