<?xml version="1.0" encoding="UTF-8"?>
<!-- Generated by org.testng.reporters.JUnitReportReporter -->
<testsuite hostname="LAPTOP-ITT2ACOD" failures="0" tests="1" name="restassuredrequests.DeleteRequest" time="2.292" errors="0" timestamp="2021-09-20T12:37:35 IST" skipped="0">
  <testcase classname="restassuredrequests.DeleteRequest" name="testDelete" time="2.292"/>
  <system-out/>
</testsuite> <!-- restassuredrequests.DeleteRequest -->
