<?xml version="1.0" encoding="UTF-8"?>
<!-- Generated by org.testng.reporters.JUnitReportReporter -->
<testsuite hostname="LAPTOP-ITT2ACOD" failures="0" tests="1" name="restassuredrequests.PutRequest" time="2.399" errors="0" timestamp="2021-09-20T12:22:41 IST" skipped="0">
  <testcase classname="restassuredrequests.PutRequest" name="testPut" time="2.399"/>
  <system-out/>
</testsuite> <!-- restassuredrequests.PutRequest -->
