<?xml version="1.0" encoding="UTF-8"?>
<!-- Generated by org.testng.reporters.JUnitReportReporter -->
<testsuite hostname="LAPTOP-ITT2ACOD" failures="0" tests="1" name="restassuredrequests.PostRequest" time="5.375" errors="0" timestamp="2021-09-20T12:09:11 IST" skipped="0">
  <testcase classname="restassuredrequests.PostRequest" name="testPost" time="5.375"/>
  <system-out/>
</testsuite> <!-- restassuredrequests.PostRequest -->
