<?xml version="1.0" encoding="UTF-8"?>
<!-- Generated by org.testng.reporters.JUnitReportReporter -->
<testsuite hostname="LAPTOP-ITT2ACOD" failures="0" tests="2" name="learntesting.DataProviderDemo" time="7.290" errors="0" timestamp="2021-09-07T16:30:27 IST" skipped="0">
  <testcase classname="learntesting.DataProviderDemo" name="f" time="2.413"/>
  <system-out/>
  <testcase classname="learntesting.DataProviderDemo" name="f" time="4.877"/>
  <system-out/>
</testsuite> <!-- learntesting.DataProviderDemo -->
