<?xml version="1.0" encoding="UTF-8"?>
<!-- Generated by org.testng.reporters.JUnitReportReporter -->
<testsuite hostname="LAPTOP-ITT2ACOD" failures="0" tests="1" name="pagefactorydemowebshop.TestRegisterAndLogin" time="7.935" errors="0" timestamp="2021-09-06T17:17:15 IST" skipped="0">
  <testcase classname="pagefactorydemowebshop.TestRegisterAndLogin" name="validateLogin" time="7.935"/>
  <system-out/>
</testsuite> <!-- pagefactorydemowebshop.TestRegisterAndLogin -->
