<?xml version="1.0" encoding="UTF-8"?>
<!-- Generated by org.testng.reporters.JUnitReportReporter -->
<testsuite hostname="LAPTOP-ITT2ACOD" failures="0" tests="1" name="learntesting.TestNgExecutionSequence" time="0.005" errors="0" timestamp="2021-09-07T15:19:14 IST" skipped="0">
  <testcase classname="learntesting.TestNgExecutionSequence" name="checktitle" time="0.005"/>
  <system-out/>
</testsuite> <!-- learntesting.TestNgExecutionSequence -->
