<?xml version="1.0" encoding="UTF-8"?>
<!-- Generated by org.testng.reporters.JUnitReportReporter -->
<testsuite hostname="LAPTOP-ITT2ACOD" failures="0" tests="1" name="learntesting.GridDemo" time="20.068" errors="0" timestamp="2021-09-07T11:12:08 IST" skipped="0">
  <testcase classname="learntesting.GridDemo" name="login" time="20.068"/>
  <system-out/>
</testsuite> <!-- learntesting.GridDemo -->
