<?xml version="1.0" encoding="UTF-8"?>
<!-- Generated by org.testng.reporters.JUnitReportReporter -->
<testsuite hostname="LAPTOP-ITT2ACOD" failures="0" tests="4" name="learntesting.PriorityDemo" time="9.848" errors="0" timestamp="2021-09-07T10:11:09 IST" skipped="0">
  <testcase classname="learntesting.PriorityDemo" name="signoff" time="1.214"/>
  <system-out/>
  <testcase classname="learntesting.PriorityDemo" name="startapp" time="4.822"/>
  <system-out/>
  <testcase classname="learntesting.PriorityDemo" name="closebrowser" time="0.323"/>
  <system-out/>
  <testcase classname="learntesting.PriorityDemo" name="loginapp" time="3.489"/>
  <system-out/>
</testsuite> <!-- learntesting.PriorityDemo -->
